affliction_binding_clip type=relic state=verified exists=True bound=True dim=512x512 expected=512x512
blessing_broken_seal type=relic state=verified exists=True bound=True dim=512x512 expected=512x512
clarified_spirit_jade type=relic state=verified exists=True bound=True dim=512x512 expected=512x512
cleansing_jade_page type=relic state=verified exists=True bound=True dim=512x512 expected=512x512
demon_ash_furnace type=relic state=verified exists=True bound=True dim=512x512 expected=512x512
demon_ash_ledger type=relic state=verified exists=True bound=True dim=512x512 expected=512x512
demon_ash_pact_scripture type=relic state=verified exists=True bound=True dim=512x512 expected=512x512
demon_blood_crucible type=relic state=verified exists=True bound=True dim=512x512 expected=512x512
demon_blood_pact_crown type=relic state=verified exists=True bound=True dim=512x512 expected=512x512
demon_blood_tally type=relic state=verified exists=True bound=True dim=512x512 expected=512x512
demon_crimson_gourd type=relic state=verified exists=True bound=True dim=512x512 expected=512x512
demon_flame_lantern type=relic state=verified exists=True bound=True dim=512x512 expected=512x512
demon_flame_pact_wheel type=relic state=verified exists=True bound=True dim=512x512 expected=512x512
demon_flame_wheel_core type=relic state=verified exists=True bound=True dim=512x512 expected=512x512
demon_sha_urn type=relic state=verified exists=True bound=True dim=512x512 expected=512x512
demon_soul_bell type=relic state=verified exists=True bound=True dim=512x512 expected=512x512
demon_soul_censer type=relic state=verified exists=True bound=True dim=512x512 expected=512x512
demon_wraith_banner type=relic state=verified exists=True bound=True dim=512x512 expected=512x512
discard_guard_ring type=relic state=verified exists=True bound=True dim=512x512 expected=512x512
ember_ink_measure type=relic state=verified exists=True bound=True dim=512x512 expected=512x512
empty_breath_seal type=relic state=verified exists=True bound=True dim=512x512 expected=512x512
empty_mind_jade_slip type=relic state=verified exists=True bound=True dim=512x512 expected=512x512
formation_breaker_drum type=relic state=verified exists=True bound=True dim=512x512 expected=512x512
formless_heavenly_tome type=relic state=verified exists=True bound=True dim=512x512 expected=512x512
gilded_archive_mite type=relic state=verified exists=True bound=True dim=512x512 expected=512x512
growth_echo_stone type=relic state=verified exists=True bound=True dim=512x512 expected=512x512
heaven_devouring_core type=relic state=verified exists=True bound=True dim=512x512 expected=512x512
hidden_breath_seal type=relic state=verified exists=True bound=True dim=512x512 expected=512x512
inkflow_jade_clasp type=relic state=verified exists=True bound=True dim=512x512 expected=512x512
light_step_abacus type=relic state=verified exists=True bound=True dim=512x512 expected=512x512
myriad_archive_tally type=relic state=wired exists=True bound=True dim=512x512 expected=512x512
myriad_scroll_case type=relic state=wired exists=True bound=True dim=512x512 expected=512x512
nirvana_ember type=relic state=wired exists=True bound=True dim=512x512 expected=512x512
phantom_bookmark type=relic state=wired exists=True bound=True dim=512x512 expected=512x512
retained_edge_tassel type=relic state=wired exists=True bound=True dim=512x512 expected=512x512
samsara_star_sand type=relic state=wired exists=True bound=True dim=512x512 expected=512x512
spirit_cleaver_talisman type=relic state=wired exists=True bound=True dim=512x512 expected=512x512
stored_breath_furnace type=relic state=wired exists=True bound=True dim=512x512 expected=512x512
tempered_scripture_seal type=relic state=wired exists=True bound=True dim=512x512 expected=512x512
three_forms_crucible type=relic state=wired exists=True bound=True dim=512x512 expected=512x512
waning_moon_ring type=relic state=wired exists=True bound=True dim=512x512 expected=512x512
war_pattern_bracer type=relic state=wired exists=True bound=True dim=512x512 expected=512x512
blood_script_wall type=event state=wired exists=True bound=True dim=1672x941 expected=1672x941
soul_auction type=event state=wired exists=True bound=True dim=1672x941 expected=1672x941
heaven_flame_eye type=event state=wired exists=True bound=True dim=1672x941 expected=1672x941
dark_battle_arena type=background state=wired exists=True bound=True dim=1672x941 expected=1672x941
selector_common type=background state=wired exists=True bound=True dim=1672x941 expected=1672x941
selector_body type=background state=wired exists=True bound=True dim=1672x941 expected=1672x941
selector_beastmaster type=background state=wired exists=True bound=True dim=1672x941 expected=1672x941
intent_attack_defend type=intent state=wired exists=True bound=True dim=256x256 expected=256x256
intent_debuff type=intent state=wired exists=True bound=True dim=256x256 expected=256x256
intent_charge type=intent state=wired exists=True bound=True dim=256x256 expected=256x256
intent_unknown type=intent state=wired exists=True bound=True dim=256x256 expected=256x256
intent_summon type=intent state=wired exists=True bound=True dim=256x256 expected=256x256
intent_heal type=intent state=wired exists=True bound=True dim=256x256 expected=256x256
intent_escape type=intent state=wired exists=True bound=True dim=256x256 expected=256x256
intent_sleep type=intent state=wired exists=True bound=True dim=256x256 expected=256x256
status_bleed type=status state=wired exists=True bound=True dim=256x256 expected=256x256
status_sha_qi type=status state=wired exists=True bound=True dim=256x256 expected=256x256
status_weak type=status state=wired exists=True bound=True dim=256x256 expected=256x256
status_enemy_exposed type=status state=wired exists=True bound=True dim=256x256 expected=256x256
status_exposed type=status state=wired exists=True bound=True dim=256x256 expected=256x256
status_frail type=status state=wired exists=True bound=True dim=256x256 expected=256x256
status_mana_seal type=status state=wired exists=True bound=True dim=256x256 expected=256x256
status_spell_ward type=status state=wired exists=True bound=True dim=256x256 expected=256x256
ROWS=65 FAIL=0
